0 info it worked if it ends with ok
1 verbose cli [ 'node', '/usr/local/bin/npm', 'install' ]
2 info using npm@1.4.28
3 info using node@v0.10.35
4 warn package.json encuestas@1.0.0 No README data
5 verbose readDependencies using package.json deps
6 verbose install where, deps [ '/Users/alberto/code/academia/encuestas',
6 verbose install   [ 'body-parser', 'express' ] ]
7 info preinstall encuestas@1.0.0
8 verbose readDependencies using package.json deps
9 verbose cache add [ 'body-parser@^1.12.0', null ]
10 verbose cache add name=undefined spec="body-parser@^1.12.0" args=["body-parser@^1.12.0",null]
11 verbose parsed url { protocol: null,
11 verbose parsed url   slashes: null,
11 verbose parsed url   auth: null,
11 verbose parsed url   host: null,
11 verbose parsed url   port: null,
11 verbose parsed url   hostname: null,
11 verbose parsed url   hash: null,
11 verbose parsed url   search: null,
11 verbose parsed url   query: null,
11 verbose parsed url   pathname: 'body-parser@^1.12.0',
11 verbose parsed url   path: 'body-parser@^1.12.0',
11 verbose parsed url   href: 'body-parser@^1.12.0' }
12 verbose cache add [ 'express@^4.12.2', null ]
13 verbose cache add name=undefined spec="express@^4.12.2" args=["express@^4.12.2",null]
14 verbose parsed url { protocol: null,
14 verbose parsed url   slashes: null,
14 verbose parsed url   auth: null,
14 verbose parsed url   host: null,
14 verbose parsed url   port: null,
14 verbose parsed url   hostname: null,
14 verbose parsed url   hash: null,
14 verbose parsed url   search: null,
14 verbose parsed url   query: null,
14 verbose parsed url   pathname: 'express@^4.12.2',
14 verbose parsed url   path: 'express@^4.12.2',
14 verbose parsed url   href: 'express@^4.12.2' }
15 verbose cache add name="body-parser" spec="^1.12.0" args=["body-parser","^1.12.0"]
16 verbose parsed url { protocol: null,
16 verbose parsed url   slashes: null,
16 verbose parsed url   auth: null,
16 verbose parsed url   host: null,
16 verbose parsed url   port: null,
16 verbose parsed url   hostname: null,
16 verbose parsed url   hash: null,
16 verbose parsed url   search: null,
16 verbose parsed url   query: null,
16 verbose parsed url   pathname: '^1.12.0',
16 verbose parsed url   path: '^1.12.0',
16 verbose parsed url   href: '^1.12.0' }
17 verbose addNamed [ 'body-parser', '^1.12.0' ]
18 verbose addNamed [ null, '>=1.12.0-0 <2.0.0-0' ]
19 verbose cache add name="express" spec="^4.12.2" args=["express","^4.12.2"]
20 verbose parsed url { protocol: null,
20 verbose parsed url   slashes: null,
20 verbose parsed url   auth: null,
20 verbose parsed url   host: null,
20 verbose parsed url   port: null,
20 verbose parsed url   hostname: null,
20 verbose parsed url   hash: null,
20 verbose parsed url   search: null,
20 verbose parsed url   query: null,
20 verbose parsed url   pathname: '^4.12.2',
20 verbose parsed url   path: '^4.12.2',
20 verbose parsed url   href: '^4.12.2' }
21 verbose addNamed [ 'express', '^4.12.2' ]
22 verbose addNamed [ null, '>=4.12.2-0 <5.0.0-0' ]
23 silly lockFile 56e67e75-body-parser-1-12-0 body-parser@^1.12.0
24 verbose lock body-parser@^1.12.0 /Users/alberto/.npm/56e67e75-body-parser-1-12-0.lock
25 silly lockFile 4a9dd575-express-4-12-2 express@^4.12.2
26 verbose lock express@^4.12.2 /Users/alberto/.npm/4a9dd575-express-4-12-2.lock
27 silly addNameRange { name: 'body-parser',
27 silly addNameRange   range: '>=1.12.0-0 <2.0.0-0',
27 silly addNameRange   hasData: false }
28 silly addNameRange { name: 'express', range: '>=4.12.2-0 <5.0.0-0', hasData: false }
29 verbose request where is /body-parser
30 verbose request registry https://registry.npmjs.org/
31 verbose request id c10ddc841113048f
32 verbose url raw /body-parser
33 verbose url resolving [ 'https://registry.npmjs.org/', './body-parser' ]
34 verbose url resolved https://registry.npmjs.org/body-parser
35 verbose request where is https://registry.npmjs.org/body-parser
36 info trying registry request attempt 1 at 19:20:52
37 verbose etag "EJM7NSHBPLPMZ45VLMJOV35K0"
38 http GET https://registry.npmjs.org/body-parser
39 verbose request where is /express
40 verbose request registry https://registry.npmjs.org/
41 verbose url raw /express
42 verbose url resolving [ 'https://registry.npmjs.org/', './express' ]
43 verbose url resolved https://registry.npmjs.org/express
44 verbose request where is https://registry.npmjs.org/express
45 info trying registry request attempt 1 at 19:20:52
46 verbose etag "4EOCXJ4A3SDEWSI78IMLHUMUS"
47 http GET https://registry.npmjs.org/express
48 http 200 https://registry.npmjs.org/body-parser
49 silly registry.get cb [ 200,
49 silly registry.get   { date: 'Sun, 08 Mar 2015 18:20:48 GMT',
49 silly registry.get     server: 'CouchDB/1.5.0 (Erlang OTP/R16B03)',
49 silly registry.get     etag: '"F1XJQAAGBFIH6FZQ7GIF6IZ57"',
49 silly registry.get     'content-type': 'application/json',
49 silly registry.get     'cache-control': 'max-age=60',
49 silly registry.get     'content-length': '87957',
49 silly registry.get     'accept-ranges': 'bytes',
49 silly registry.get     via: '1.1 varnish',
49 silly registry.get     age: '28',
49 silly registry.get     'x-served-by': 'cache-lcy1126-LCY',
49 silly registry.get     'x-cache': 'HIT',
49 silly registry.get     'x-cache-hits': '1',
49 silly registry.get     'x-timer': 'S1425838848.800054,VS0,VE0',
49 silly registry.get     vary: 'Accept',
49 silly registry.get     'keep-alive': 'timeout=10, max=50',
49 silly registry.get     connection: 'Keep-Alive' } ]
50 silly addNameRange number 2 { name: 'body-parser',
50 silly addNameRange   range: '>=1.12.0-0 <2.0.0-0',
50 silly addNameRange   hasData: true }
51 silly addNameRange versions [ 'body-parser',
51 silly addNameRange   [ '1.0.0',
51 silly addNameRange     '1.0.1',
51 silly addNameRange     '1.0.2',
51 silly addNameRange     '1.1.0',
51 silly addNameRange     '1.1.1',
51 silly addNameRange     '1.1.2',
51 silly addNameRange     '1.2.0',
51 silly addNameRange     '1.2.1',
51 silly addNameRange     '1.2.2',
51 silly addNameRange     '1.3.0',
51 silly addNameRange     '1.3.1',
51 silly addNameRange     '1.4.0',
51 silly addNameRange     '1.4.1',
51 silly addNameRange     '1.4.2',
51 silly addNameRange     '1.4.3',
51 silly addNameRange     '1.5.0',
51 silly addNameRange     '1.5.1',
51 silly addNameRange     '1.5.2',
51 silly addNameRange     '1.6.0',
51 silly addNameRange     '1.6.1',
51 silly addNameRange     '1.6.2',
51 silly addNameRange     '1.6.3',
51 silly addNameRange     '1.6.4',
51 silly addNameRange     '1.6.5',
51 silly addNameRange     '1.6.6',
51 silly addNameRange     '1.6.7',
51 silly addNameRange     '1.7.0',
51 silly addNameRange     '1.8.0',
51 silly addNameRange     '1.8.1',
51 silly addNameRange     '1.8.2',
51 silly addNameRange     '1.8.3',
51 silly addNameRange     '1.8.4',
51 silly addNameRange     '1.9.0',
51 silly addNameRange     '1.9.1',
51 silly addNameRange     '1.9.2',
51 silly addNameRange     '1.9.3',
51 silly addNameRange     '1.10.0',
51 silly addNameRange     '1.10.1',
51 silly addNameRange     '1.10.2',
51 silly addNameRange     '1.11.0',
51 silly addNameRange     '1.12.0' ] ]
52 verbose addNamed [ 'body-parser', '1.12.0' ]
53 verbose addNamed [ '1.12.0', '1.12.0' ]
54 silly lockFile 6c41bb2b-body-parser-1-12-0 body-parser@1.12.0
55 verbose lock body-parser@1.12.0 /Users/alberto/.npm/6c41bb2b-body-parser-1-12-0.lock
56 silly lockFile 6c41bb2b-body-parser-1-12-0 body-parser@1.12.0
57 silly lockFile 6c41bb2b-body-parser-1-12-0 body-parser@1.12.0
58 silly lockFile 56e67e75-body-parser-1-12-0 body-parser@^1.12.0
59 silly lockFile 56e67e75-body-parser-1-12-0 body-parser@^1.12.0
60 http 200 https://registry.npmjs.org/express
61 silly registry.get cb [ 200,
61 silly registry.get   { date: 'Sun, 08 Mar 2015 18:20:49 GMT',
61 silly registry.get     server: 'CouchDB/1.5.0 (Erlang OTP/R16B03)',
61 silly registry.get     etag: '"A3DNF2QZWNVEQVL1M1SWVZZ3Q"',
61 silly registry.get     'content-type': 'application/json',
61 silly registry.get     'cache-control': 'max-age=60',
61 silly registry.get     'content-length': '485787',
61 silly registry.get     'accept-ranges': 'bytes',
61 silly registry.get     via: '1.1 varnish',
61 silly registry.get     age: '0',
61 silly registry.get     'x-served-by': 'cache-lcy1128-LCY',
61 silly registry.get     'x-cache': 'HIT',
61 silly registry.get     'x-cache-hits': '1',
61 silly registry.get     'x-timer': 'S1425838848.813715,VS0,VE633',
61 silly registry.get     vary: 'Accept',
61 silly registry.get     'keep-alive': 'timeout=10, max=50',
61 silly registry.get     connection: 'Keep-Alive' } ]
62 silly addNameRange number 2 { name: 'express', range: '>=4.12.2-0 <5.0.0-0', hasData: true }
63 silly addNameRange versions [ 'express',
63 silly addNameRange   [ '0.14.0',
63 silly addNameRange     '0.14.1',
63 silly addNameRange     '1.0.0',
63 silly addNameRange     '1.0.1',
63 silly addNameRange     '1.0.2',
63 silly addNameRange     '1.0.3',
63 silly addNameRange     '1.0.4',
63 silly addNameRange     '1.0.5',
63 silly addNameRange     '1.0.6',
63 silly addNameRange     '1.0.7',
63 silly addNameRange     '1.0.8',
63 silly addNameRange     '2.0.0',
63 silly addNameRange     '2.1.0',
63 silly addNameRange     '2.1.1',
63 silly addNameRange     '2.2.0',
63 silly addNameRange     '2.2.1',
63 silly addNameRange     '2.2.2',
63 silly addNameRange     '2.3.0',
63 silly addNameRange     '2.3.1',
63 silly addNameRange     '2.3.2',
63 silly addNameRange     '2.3.3',
63 silly addNameRange     '2.3.4',
63 silly addNameRange     '2.3.5',
63 silly addNameRange     '2.3.6',
63 silly addNameRange     '2.3.7',
63 silly addNameRange     '2.3.8',
63 silly addNameRange     '2.3.9',
63 silly addNameRange     '2.3.10',
63 silly addNameRange     '2.3.11',
63 silly addNameRange     '2.3.12',
63 silly addNameRange     '2.4.0',
63 silly addNameRange     '2.4.1',
63 silly addNameRange     '2.4.2',
63 silly addNameRange     '2.4.3',
63 silly addNameRange     '2.4.4',
63 silly addNameRange     '2.4.5',
63 silly addNameRange     '2.4.6',
63 silly addNameRange     '2.4.7',
63 silly addNameRange     '2.5.0',
63 silly addNameRange     '2.5.1',
63 silly addNameRange     '2.5.2',
63 silly addNameRange     '2.5.3',
63 silly addNameRange     '2.5.4',
63 silly addNameRange     '2.5.5',
63 silly addNameRange     '2.5.6',
63 silly addNameRange     '2.5.7',
63 silly addNameRange     '2.5.8',
63 silly addNameRange     '2.5.9',
63 silly addNameRange     '2.5.10',
63 silly addNameRange     '2.5.11',
63 silly addNameRange     '3.0.0',
63 silly addNameRange     '3.0.1',
63 silly addNameRange     '3.0.2',
63 silly addNameRange     '3.0.3',
63 silly addNameRange     '3.0.4',
63 silly addNameRange     '3.0.5',
63 silly addNameRange     '3.0.6',
63 silly addNameRange     '3.1.0',
63 silly addNameRange     '3.1.1',
63 silly addNameRange     '3.1.2',
63 silly addNameRange     '3.2.0',
63 silly addNameRange     '3.2.1',
63 silly addNameRange     '3.2.2',
63 silly addNameRange     '3.2.3',
63 silly addNameRange     '3.2.4',
63 silly addNameRange     '3.2.5',
63 silly addNameRange     '3.2.6',
63 silly addNameRange     '3.3.0',
63 silly addNameRange     '3.3.1',
63 silly addNameRange     '3.3.2',
63 silly addNameRange     '3.3.3',
63 silly addNameRange     '3.3.4',
63 silly addNameRange     '3.3.5',
63 silly addNameRange     '3.3.6',
63 silly addNameRange     '1.0.0-beta',
63 silly addNameRange     '1.0.0-beta2',
63 silly addNameRange     '1.0.0-rc',
63 silly addNameRange     '1.0.0-rc2',
63 silly addNameRange     '1.0.0-rc3',
63 silly addNameRange     '1.0.0-rc4',
63 silly addNameRange     '2.0.0-beta',
63 silly addNameRange     '2.0.0-beta2',
63 silly addNameRange     '2.0.0-beta3',
63 silly addNameRange     '2.0.0-rc',
63 silly addNameRange     '2.0.0-rc2',
63 silly addNameRange     '2.0.0-rc3',
63 silly addNameRange     '3.0.0-alpha1',
63 silly addNameRange     '3.0.0-alpha2',
63 silly addNameRange     '3.0.0-alpha3',
63 silly addNameRange     '3.0.0-alpha4',
63 silly addNameRange     '3.0.0-alpha5',
63 silly addNameRange     '3.0.0-beta1',
63 silly addNameRange     '3.0.0-beta2',
63 silly addNameRange     '3.0.0-beta3',
63 silly addNameRange     '3.0.0-beta4',
63 silly addNameRange     '3.0.0-beta6',
63 silly addNameRange     '3.0.0-beta7',
63 silly addNameRange     '3.0.0-rc1',
63 silly addNameRange     '3.0.0-rc2',
63 silly addNameRange     '3.0.0-rc3',
63 silly addNameRange     '3.0.0-rc4',
63 silly addNameRange     '3.0.0-rc5',
63 silly addNameRange     '3.3.7',
63 silly addNameRange     '3.3.8',
63 silly addNameRange     '3.4.0',
63 silly addNameRange     '3.4.1',
63 silly addNameRange     '3.4.2',
63 silly addNameRange     '3.4.3',
63 silly addNameRange     '3.4.4',
63 silly addNameRange     '3.4.5',
63 silly addNameRange     '3.4.6',
63 silly addNameRange     '3.4.7',
63 silly addNameRange     '3.4.8',
63 silly addNameRange     '4.0.0-rc1',
63 silly addNameRange     '4.0.0-rc2',
63 silly addNameRange     '3.5.0',
63 silly addNameRange     '4.0.0-rc3',
63 silly addNameRange     '4.0.0-rc4',
63 silly addNameRange     '3.5.1',
63 silly addNameRange     '4.0.0',
63 silly addNameRange     '3.5.2',
63 silly addNameRange     '4.1.0',
63 silly addNameRange     '4.1.1',
63 silly addNameRange     '3.5.3',
63 silly addNameRange     '4.1.2',
63 silly addNameRange     '3.6.0',
63 silly addNameRange     '4.2.0',
63 silly addNameRange     '3.7.0',
63 silly addNameRange     '3.8.0',
63 silly addNameRange     '4.3.0',
63 silly addNameRange     '4.3.1',
63 silly addNameRange     '3.8.1',
63 silly addNameRange     '4.3.2',
63 silly addNameRange     '3.9.0',
63 silly addNameRange     '4.4.0',
63 silly addNameRange     '4.4.1',
63 silly addNameRange     '3.10.0',
63 silly addNameRange     '3.10.1',
63 silly addNameRange     '3.10.2',
63 silly addNameRange     '3.10.3',
63 silly addNameRange     '3.10.4',
63 silly addNameRange     '4.4.2',
63 silly addNameRange     '3.10.5',
63 silly addNameRange     '4.4.3',
63 silly addNameRange     '3.11.0',
63 silly addNameRange     '4.4.4',
63 silly addNameRange     '3.12.0',
63 silly addNameRange     '3.12.1',
63 silly addNameRange     '4.4.5',
63 silly addNameRange     '3.13.0',
63 silly addNameRange     '4.5.0',
63 silly addNameRange     '4.5.1',
63 silly addNameRange     '3.14.0',
63 silly addNameRange     '4.6.0',
63 silly addNameRange     '4.6.1',
63 silly addNameRange     '3.15.0',
63 silly addNameRange     '4.7.0',
63 silly addNameRange     '3.15.1',
63 silly addNameRange     '4.7.1',
63 silly addNameRange     '3.15.2',
63 silly addNameRange     '4.7.2',
63 silly addNameRange     '4.7.3',
63 silly addNameRange     '3.15.3',
63 silly addNameRange     '4.7.4',
63 silly addNameRange     '3.16.0',
63 silly addNameRange     '4.8.0',
63 silly addNameRange     '3.16.1',
63 silly addNameRange     '4.8.1',
63 silly addNameRange     '3.16.2',
63 silly addNameRange     '4.8.2',
63 silly addNameRange     '3.16.3',
63 silly addNameRange     '3.16.4',
63 silly addNameRange     '4.8.3',
63 silly addNameRange     '3.16.5',
63 silly addNameRange     '3.16.6',
63 silly addNameRange     '4.8.4',
63 silly addNameRange     '3.16.7',
63 silly addNameRange     '4.8.5',
63 silly addNameRange     '3.16.8',
63 silly addNameRange     '4.8.6',
63 silly addNameRange     '3.16.9',
63 silly addNameRange     '4.8.7',
63 silly addNameRange     '3.16.10',
63 silly addNameRange     '4.8.8',
63 silly addNameRange     '3.17.0',
63 silly addNameRange     '3.17.1',
63 silly addNameRange     '4.9.0',
63 silly addNameRange     '3.17.2',
63 silly addNameRange     '4.9.1',
63 silly addNameRange     '4.9.2',
63 silly addNameRange     '3.17.3',
63 silly addNameRange     '4.9.3',
63 silly addNameRange     '3.17.4',
63 silly addNameRange     '4.9.4',
63 silly addNameRange     '3.17.5',
63 silly addNameRange     '4.9.5',
63 silly addNameRange     '3.17.6',
63 silly addNameRange     '3.17.7',
63 silly addNameRange     '4.9.6',
63 silly addNameRange     '4.9.7',
63 silly addNameRange     '3.17.8',
63 silly addNameRange     '4.9.8',
63 silly addNameRange     '3.18.0',
63 silly addNameRange     '3.18.1',
63 silly addNameRange     '4.10.0',
63 silly addNameRange     '3.18.2',
63 silly addNameRange     '4.10.1',
63 silly addNameRange     '5.0.0-alpha.1',
63 silly addNameRange     '3.18.3',
63 silly addNameRange     '4.10.2',
63 silly addNameRange     '3.18.4',
63 silly addNameRange     '4.10.3',
63 silly addNameRange     '4.10.4',
63 silly addNameRange     '4.10.5',
63 silly addNameRange     '3.18.5',
63 silly addNameRange     '3.18.6',
63 silly addNameRange     '4.10.6',
63 silly addNameRange     '4.10.7',
63 silly addNameRange     '3.19.0',
63 silly addNameRange     '4.10.8',
63 silly addNameRange     '4.11.0',
63 silly addNameRange     '3.19.1',
63 silly addNameRange     '4.11.1',
63 silly addNameRange     '3.19.2',
63 silly addNameRange     '4.11.2',
63 silly addNameRange     '3.20.0',
63 silly addNameRange     '4.12.0',
63 silly addNameRange     '3.20.1',
63 silly addNameRange     '4.12.1',
63 silly addNameRange     '4.12.2' ] ]
64 verbose addNamed [ 'express', '4.12.2' ]
65 verbose addNamed [ '4.12.2', '4.12.2' ]
66 silly lockFile a2d0019d-express-4-12-2 express@4.12.2
67 verbose lock express@4.12.2 /Users/alberto/.npm/a2d0019d-express-4-12-2.lock
68 silly lockFile c80c21a4-s-org-express-express-4-12-2-tgz https://registry.npmjs.org/express/-/express-4.12.2.tgz
69 verbose lock https://registry.npmjs.org/express/-/express-4.12.2.tgz /Users/alberto/.npm/c80c21a4-s-org-express-express-4-12-2-tgz.lock
70 verbose addRemoteTarball [ 'https://registry.npmjs.org/express/-/express-4.12.2.tgz',
70 verbose addRemoteTarball   '7e72ad4c1b4edf07536a6d1e2acec0161d8564bd' ]
71 info retry fetch attempt 1 at 19:20:55
72 verbose fetch to= /var/folders/15/z9r6cd0n4jd_xclmd25z1k440000gn/T/npm-15170-Q9ffXyur/registry.npmjs.org/express/-/express-4.12.2.tgz
73 http GET https://registry.npmjs.org/express/-/express-4.12.2.tgz
74 http 200 https://registry.npmjs.org/express/-/express-4.12.2.tgz
75 silly lockFile c80c21a4-s-org-express-express-4-12-2-tgz https://registry.npmjs.org/express/-/express-4.12.2.tgz
76 silly lockFile c80c21a4-s-org-express-express-4-12-2-tgz https://registry.npmjs.org/express/-/express-4.12.2.tgz
77 silly lockFile a2d0019d-express-4-12-2 express@4.12.2
78 silly lockFile a2d0019d-express-4-12-2 express@4.12.2
79 silly lockFile 4a9dd575-express-4-12-2 express@^4.12.2
80 silly lockFile 4a9dd575-express-4-12-2 express@^4.12.2
81 error Error: EACCES, mkdir '/Users/alberto/.npm/express/4.12.2'
81 error  { [Error: EACCES, mkdir '/Users/alberto/.npm/express/4.12.2']
81 error   errno: 3,
81 error   code: 'EACCES',
81 error   path: '/Users/alberto/.npm/express/4.12.2',
81 error   parent: 'encuestas' }
82 error Please try running this command again as root/Administrator.
83 error System Darwin 14.1.0
84 error command "node" "/usr/local/bin/npm" "install"
85 error cwd /Users/alberto/code/academia/encuestas
86 error node -v v0.10.35
87 error npm -v 1.4.28
88 error path /Users/alberto/.npm/express/4.12.2
89 error code EACCES
90 error errno 3
91 error stack Error: EACCES, mkdir '/Users/alberto/.npm/express/4.12.2'
92 verbose exit [ 3, true ]
